<?xml version="1.0" encoding="UTF-8"?>
<!-- Generated by org.testng.reporters.JUnitReportReporter -->
<testsuite hostname="SSReddy" failures="0" tests="1" name="com.obs.tests.CreateNewAccount" time="36.795" errors="0" timestamp="2025-01-08T16:06:21 IST" skipped="0">
  <testcase classname="com.obs.tests.CreateNewAccount" name="CreateNewAccount" time="36.795"/>
  <system-out/>
</testsuite> <!-- com.obs.tests.CreateNewAccount -->
