<?xml version="1.0" encoding="UTF-8"?>
<!-- Generated by org.testng.reporters.JUnitReportReporter -->
<testsuite hostname="DESKTOP-PFMH1SJ" failures="0" tests="1" name="com.obs.tests.CreateAnnouncements" time="6.801" errors="0" timestamp="2023-09-14T13:45:40 IST" skipped="0">
  <testcase classname="com.obs.tests.CreateAnnouncements" name="CreateAnnouncements" time="6.801"/>
  <system-out/>
</testsuite> <!-- com.obs.tests.CreateAnnouncements -->
