<?xml version="1.0" encoding="UTF-8"?>
<!-- Generated by org.testng.reporters.JUnitReportReporter -->
<testsuite hostname="SSReddy" failures="0" tests="1" name="com.obs.tests.A17DeleteUserAccount" time="14.446" errors="0" timestamp="2025-03-15T12:08:33 IST" skipped="0">
  <testcase classname="com.obs.tests.A17DeleteUserAccount" name="A17Deleteuseraccount" time="14.446"/>
  <system-out/>
</testsuite> <!-- com.obs.tests.A17DeleteUserAccount -->
