<?xml version="1.0" encoding="UTF-8"?>
<!-- Generated by org.testng.reporters.JUnitReportReporter -->
<testsuite hostname="SSReddy" failures="0" tests="1" name="com.obs.tests.A8TransferAmountwithInvalidAccount" time="27.613" errors="0" timestamp="2025-03-12T16:22:32 IST" skipped="0">
  <testcase classname="com.obs.tests.A8TransferAmountwithInvalidAccount" name="a8TransferAmountwithInvalidAccount" time="27.613"/>
  <system-out/>
</testsuite> <!-- com.obs.tests.A8TransferAmountwithInvalidAccount -->
