<?xml version="1.0" encoding="UTF-8"?>
<!-- Generated by org.testng.reporters.JUnitReportReporter -->
<testsuite hostname="SSReddy" failures="0" tests="1" name="com.obs.tests.A13BannerMessageForWithdrawAmount" time="35.816" errors="0" timestamp="2025-03-15T15:24:24 IST" skipped="0">
  <testcase classname="com.obs.tests.A13BannerMessageForWithdrawAmount" name="Validate_BanerMessageForWithdrawAmount" time="35.816"/>
  <system-out/>
</testsuite> <!-- com.obs.tests.A13BannerMessageForWithdrawAmount -->
