<?xml version="1.0" encoding="UTF-8"?>
<!-- Generated by org.testng.reporters.JUnitReportReporter -->
<testsuite hostname="SSReddy" failures="0" tests="1" name="com.obs.tests.BannerMessageForTransfer" time="115.485" errors="0" timestamp="2025-03-10T15:09:35 IST" skipped="0">
  <testcase classname="com.obs.tests.BannerMessageForTransfer" name="Validate_BannerMessage_For_Transfer" time="115.485"/>
  <system-out/>
</testsuite> <!-- com.obs.tests.BannerMessageForTransfer -->
