<?xml version="1.0" encoding="UTF-8"?>
<!-- Generated by org.testng.reporters.JUnitReportReporter -->
<testsuite hostname="SSReddy" failures="0" tests="1" name="com.obs.tests.VerifyUserLogin" time="33.660" errors="0" timestamp="2025-01-08T16:37:04 IST" skipped="0">
  <testcase classname="com.obs.tests.VerifyUserLogin" name="verifyUserLogin" time="33.660"/>
  <system-out/>
</testsuite> <!-- com.obs.tests.VerifyUserLogin -->
