<?xml version="1.0" encoding="UTF-8"?>
<!-- Generated by org.testng.reporters.JUnitReportReporter -->
<testsuite hostname="SSReddy" failures="0" tests="1" name="com.obs.tests.A19SettingsScreen" time="99.120" errors="0" timestamp="2025-03-15T14:51:17 IST" skipped="0">
  <testcase classname="com.obs.tests.A19SettingsScreen" name="Verify_System_Information" time="99.120"/>
  <system-out/>
</testsuite> <!-- com.obs.tests.A19SettingsScreen -->
