<?xml version="1.0" encoding="UTF-8"?>
<!-- Generated by org.testng.reporters.JUnitReportReporter -->
<testsuite hostname="SSReddy" failures="0" tests="1" name="com.obs.tests.A10AdminWithdrawInvalidAccount" time="41.310" errors="0" timestamp="2025-03-13T13:00:17 IST" skipped="0">
  <testcase classname="com.obs.tests.A10AdminWithdrawInvalidAccount" name="Admin_Withdraw_Invalid_Account" time="41.310"/>
  <system-out/>
</testsuite> <!-- com.obs.tests.A10AdminWithdrawInvalidAccount -->
