<?xml version="1.0" encoding="UTF-8"?>
<!-- Generated by org.testng.reporters.JUnitReportReporter -->
<testsuite hostname="SSReddy" failures="0" tests="1" name="com.obs.tests.AdminWithdrawInvalidAccount" time="35.598" errors="0" timestamp="2025-01-08T16:51:04 IST" skipped="0">
  <testcase classname="com.obs.tests.AdminWithdrawInvalidAccount" name="Admin_Withdraw_Invalid_Account" time="35.598"/>
  <system-out/>
</testsuite> <!-- com.obs.tests.AdminWithdrawInvalidAccount -->
