<?xml version="1.0" encoding="UTF-8"?>
<!-- Generated by org.testng.reporters.JUnitReportReporter -->
<testsuite hostname="SSReddy" failures="0" tests="1" name="com.obs.tests.BannerMessageForTransfer" time="43.151" errors="0" timestamp="2025-01-08T17:03:47 IST" skipped="0">
  <testcase classname="com.obs.tests.BannerMessageForTransfer" name="Validate_BannerMessage_For_Transfer" time="43.151"/>
  <system-out/>
</testsuite> <!-- com.obs.tests.BannerMessageForTransfer -->
