<?xml version="1.0" encoding="UTF-8"?>
<!-- Generated by org.testng.reporters.JUnitReportReporter -->
<testsuite hostname="DESKTOP-PFMH1SJ" failures="0" tests="1" name="com.obs.tests.BannerMessageForTransfer" time="28.980" errors="0" timestamp="2023-09-15T13:30:59 IST" skipped="0">
  <testcase classname="com.obs.tests.BannerMessageForTransfer" name="Validate_BannerMessage_For_Transfer" time="28.980"/>
  <system-out/>
</testsuite> <!-- com.obs.tests.BannerMessageForTransfer -->
