<?xml version="1.0" encoding="UTF-8"?>
<!-- Generated by org.testng.reporters.JUnitReportReporter -->
<testsuite hostname="SSReddy" failures="0" tests="1" name="com.obs.tests.A11BannerMessageForTransfer" time="35.311" errors="0" timestamp="2025-03-13T13:08:56 IST" skipped="0">
  <testcase classname="com.obs.tests.A11BannerMessageForTransfer" name="Validate_BannerMessage_For_Transfer" time="35.311"/>
  <system-out/>
</testsuite> <!-- com.obs.tests.A11BannerMessageForTransfer -->
