<?xml version="1.0" encoding="UTF-8"?>
<!-- Generated by org.testng.reporters.JUnitReportReporter -->
<testsuite hostname="SSReddy" failures="0" tests="1" name="com.obs.tests.A8TransferAmount" time="48.287" errors="0" timestamp="2025-03-15T15:01:50 IST" skipped="0">
  <testcase classname="com.obs.tests.A8TransferAmount" name="A7TransferAmount" time="48.287"/>
  <system-out/>
</testsuite> <!-- com.obs.tests.A8TransferAmount -->
