<?xml version="1.0" encoding="UTF-8"?>
<!-- Generated by org.testng.reporters.JUnitReportReporter -->
<testsuite hostname="SSReddy" failures="0" tests="1" name="com.obs.tests.A15DeleteAnnouncements" time="28.960" errors="0" timestamp="2025-03-15T12:40:50 IST" skipped="0">
  <testcase classname="com.obs.tests.A15DeleteAnnouncements" name="a15Delete_Announcement" time="28.960"/>
  <system-out/>
</testsuite> <!-- com.obs.tests.A15DeleteAnnouncements -->
