<?xml version="1.0" encoding="UTF-8"?>
<!-- Generated by org.testng.reporters.JUnitReportReporter -->
<testsuite hostname="SSReddy" failures="0" tests="1" name="com.obs.tests.A7TransferAmount" time="23.666" errors="0" timestamp="2025-03-12T16:18:43 IST" skipped="0">
  <testcase classname="com.obs.tests.A7TransferAmount" name="a7TransferAmount" time="23.666"/>
  <system-out/>
</testsuite> <!-- com.obs.tests.A7TransferAmount -->
