<?xml version="1.0" encoding="UTF-8"?>
<!-- Generated by org.testng.reporters.JUnitReportReporter -->
<testsuite hostname="SSReddy" failures="0" tests="1" name="com.obs.tests.A18SettingsScreen" time="18.804" errors="0" timestamp="2025-03-15T12:06:43 IST" skipped="0">
  <testcase classname="com.obs.tests.A18SettingsScreen" name="Verify_System_Information" time="18.804"/>
  <system-out/>
</testsuite> <!-- com.obs.tests.A18SettingsScreen -->
