<?xml version="1.0" encoding="UTF-8"?>
<!-- Generated by org.testng.reporters.JUnitReportReporter -->
<testsuite hostname="SSReddy" failures="0" tests="1" name="com.obs.tests.AdminWithDrawAmount" time="52.015" errors="0" timestamp="2025-01-08T16:45:30 IST" skipped="0">
  <testcase classname="com.obs.tests.AdminWithDrawAmount" name="AdminWithDrawAmount" time="52.015"/>
  <system-out/>
</testsuite> <!-- com.obs.tests.AdminWithDrawAmount -->
