<?xml version="1.0" encoding="UTF-8"?>
<!-- Generated by org.testng.reporters.JUnitReportReporter -->
<testsuite hostname="SSReddy" failures="0" tests="1" name="com.obs.tests.A1CreateNewAccount" time="34.594" errors="0" timestamp="2025-03-10T16:26:10 IST" skipped="0">
  <testcase classname="com.obs.tests.A1CreateNewAccount" name="CreateNewAccount" time="34.594"/>
  <system-out/>
</testsuite> <!-- com.obs.tests.A1CreateNewAccount -->
