<?xml version="1.0" encoding="UTF-8"?>
<!-- Generated by org.testng.reporters.JUnitReportReporter -->
<testsuite hostname="SSReddy" failures="0" tests="1" name="com.obs.tests.A9TransferAmountwithInvalidAccount" time="50.574" errors="0" timestamp="2025-03-15T15:01:50 IST" skipped="0">
  <testcase classname="com.obs.tests.A9TransferAmountwithInvalidAccount" name="a8TransferAmountwithInvalidAccount" time="50.574"/>
  <system-out/>
</testsuite> <!-- com.obs.tests.A9TransferAmountwithInvalidAccount -->
