<?xml version="1.0" encoding="UTF-8"?>
<!-- Generated by org.testng.reporters.JUnitReportReporter -->
<testsuite hostname="SSReddy" failures="0" tests="1" name="com.obs.tests.A9AdminWithDrawAmount" time="86.733" errors="0" timestamp="2025-03-13T11:40:16 IST" skipped="0">
  <testcase classname="com.obs.tests.A9AdminWithDrawAmount" name="A9AdminWithDrawAmount" time="86.733"/>
  <system-out/>
</testsuite> <!-- com.obs.tests.A9AdminWithDrawAmount -->
