<?xml version="1.0" encoding="UTF-8"?>
<!-- Generated by org.testng.reporters.JUnitReportReporter -->
<testsuite hostname="SSReddy" failures="0" tests="1" name="com.obs.tests.LoginTest" time="15.029" errors="0" timestamp="2025-01-08T14:18:52 IST" skipped="0">
  <testcase classname="com.obs.tests.LoginTest" name="verifyLogin" time="15.029"/>
  <system-out/>
</testsuite> <!-- com.obs.tests.LoginTest -->
