<?xml version="1.0" encoding="UTF-8"?>
<!-- Generated by org.testng.reporters.JUnitReportReporter -->
<testsuite hostname="SSReddy" failures="0" tests="1" name="com.obs.tests.A16UpdateUserAccount" time="15.362" errors="0" timestamp="2025-03-15T12:09:38 IST" skipped="0">
  <testcase classname="com.obs.tests.A16UpdateUserAccount" name="A16UpdateUserAccount" time="15.362"/>
  <system-out/>
</testsuite> <!-- com.obs.tests.A16UpdateUserAccount -->
