<?xml version="1.0" encoding="UTF-8"?>
<!-- Generated by org.testng.reporters.JUnitReportReporter -->
<testsuite hostname="SSReddy" failures="0" tests="1" name="com.obs.tests.A20UpdateUserAccount" time="64.951" errors="0" timestamp="2025-03-15T15:01:50 IST" skipped="0">
  <testcase classname="com.obs.tests.A20UpdateUserAccount" name="A16UpdateUserAccount" time="64.951"/>
  <system-out/>
</testsuite> <!-- com.obs.tests.A20UpdateUserAccount -->
