<?xml version="1.0" encoding="UTF-8"?>
<!-- Generated by org.testng.reporters.JUnitReportReporter -->
<testsuite hostname="SSReddy" failures="0" tests="1" name="com.obs.tests.A6VerifyDepositAmount" time="40.265" errors="0" timestamp="2025-03-15T15:22:37 IST" skipped="0">
  <testcase classname="com.obs.tests.A6VerifyDepositAmount" name="A6verifyDepositAmount" time="40.265"/>
  <system-out/>
</testsuite> <!-- com.obs.tests.A6VerifyDepositAmount -->
