<?xml version="1.0" encoding="UTF-8"?>
<!-- Generated by org.testng.reporters.JUnitReportReporter -->
<testsuite hostname="SSReddy" failures="0" tests="1" name="com.obs.tests.A7DepositAmountwithInvalidAccount" time="42.477" errors="0" timestamp="2025-03-15T14:55:21 IST" skipped="0">
  <testcase classname="com.obs.tests.A7DepositAmountwithInvalidAccount" name="A7DepositAmountwithInvalidAccount" time="42.477"/>
  <system-out/>
</testsuite> <!-- com.obs.tests.A7DepositAmountwithInvalidAccount -->
