<?xml version="1.0" encoding="UTF-8"?>
<!-- Generated by org.testng.reporters.JUnitReportReporter -->
<testsuite hostname="SSReddy" failures="0" tests="1" name="com.obs.tests.A14CancelFunctionalityinDepositScreen" time="19.116" errors="0" timestamp="2025-03-15T12:46:06 IST" skipped="0">
  <testcase classname="com.obs.tests.A14CancelFunctionalityinDepositScreen" name="A14CancelFunctionalityinDepositScreen" time="19.116"/>
  <system-out/>
</testsuite> <!-- com.obs.tests.A14CancelFunctionalityinDepositScreen -->
