<?xml version="1.0" encoding="UTF-8"?>
<!-- Generated by org.testng.reporters.JUnitReportReporter -->
<testsuite hostname="SSReddy" failures="0" tests="1" name="com.obs.tests.AdminWithDrawAmount" time="36.598" errors="0" timestamp="2025-03-10T16:01:53 IST" skipped="0">
  <testcase classname="com.obs.tests.AdminWithDrawAmount" name="AdminWithDrawAmount" time="36.598"/>
  <system-out/>
</testsuite> <!-- com.obs.tests.AdminWithDrawAmount -->
